0 info it worked if it ends with ok
1 verbose cli [ '/usr/local/bin/node',
1 verbose cli   '/usr/local/bin/npm',
1 verbose cli   'rm',
1 verbose cli   'json-parse-better-errors' ]
2 info using npm@2.7.4
3 info using node@v0.12.2
4 verbose stack /usr/local/lib/node_modules/npm/node_modules/request/node_modules/hawk/node_modules/cryptiles/node_modules/boom/lib/index.js:5
4 verbose stack const Hoek = require('hoek');
4 verbose stack ^^^^^
4 verbose stack SyntaxError: Use of const in strict mode.
4 verbose stack     at exports.runInThisContext (vm.js:73:16)
4 verbose stack     at Module._compile (module.js:443:25)
4 verbose stack     at Object.Module._extensions..js (module.js:478:10)
4 verbose stack     at Module.load (module.js:355:32)
4 verbose stack     at Function.Module._load (module.js:310:12)
4 verbose stack     at Module.require (module.js:365:17)
4 verbose stack     at require (module.js:384:17)
4 verbose stack     at Object.<anonymous> (/usr/local/lib/node_modules/npm/node_modules/request/node_modules/hawk/node_modules/cryptiles/lib/index.js:4:12)
4 verbose stack     at Module._compile (module.js:460:26)
4 verbose stack     at Object.Module._extensions..js (module.js:478:10)
5 verbose cwd /home/steve/num
6 error Linux 4.10.0-38-generic
7 error argv "/usr/local/bin/node" "/usr/local/bin/npm" "rm" "json-parse-better-errors"
8 error node v0.12.2
9 error npm  v2.7.4
10 error /usr/local/lib/node_modules/npm/node_modules/request/node_modules/hawk/node_modules/cryptiles/node_modules/boom/lib/index.js:5
10 error const Hoek = require('hoek');
10 error ^^^^^
10 error Use of const in strict mode.
11 error If you need help, you may report this error at:
11 error     <https://github.com/npm/npm/issues>
12 verbose exit [ 1, true ]
